[0.059s] Invoking command in '/home/gabriel/test_app_golfinho1/golfinho_app_ws/build/cpp_pub': CMAKE_PREFIX_PATH=/opt/ros/foxy /usr/bin/cmake --build /home/gabriel/test_app_golfinho1/golfinho_app_ws/build/cpp_pub -- -j8 -l8
[0.130s] CMake Error: The current CMakeCache.txt directory /home/gabriel/test_app_golfinho1/golfinho_app_ws/build/cpp_pub/CMakeCache.txt is different than the directory /home/gabriel/golfinho_app_ws/build/cpp_pub where CMakeCache.txt was created. This may result in binaries being created in the wrong place. If you are not sure, reedit the CMakeCache.txt
[0.435s] [ 33%] Built target golfinho_teleop
[0.435s] [ 66%] Built target listener
[0.435s] [100%] Built target talker
[0.446s] Invoked command in '/home/gabriel/test_app_golfinho1/golfinho_app_ws/build/cpp_pub' returned '0': CMAKE_PREFIX_PATH=/opt/ros/foxy /usr/bin/cmake --build /home/gabriel/test_app_golfinho1/golfinho_app_ws/build/cpp_pub -- -j8 -l8
[0.483s] Invoking command in '/home/gabriel/test_app_golfinho1/golfinho_app_ws/build/cpp_pub': CMAKE_PREFIX_PATH=/opt/ros/foxy /usr/bin/cmake --install /home/gabriel/test_app_golfinho1/golfinho_app_ws/build/cpp_pub
[0.491s] -- Install configuration: ""
[0.511s] -- Up-to-date: /home/gabriel/golfinho_app_ws/install/cpp_pub/lib/cpp_pub/talker
[0.547s] -- Up-to-date: /home/gabriel/golfinho_app_ws/install/cpp_pub/lib/cpp_pub/listener
[0.564s] -- Up-to-date: /home/gabriel/golfinho_app_ws/install/cpp_pub/lib/cpp_pub/golfinho_teleop
[0.566s] -- Up-to-date: /home/gabriel/golfinho_app_ws/install/cpp_pub/share/ament_index/resource_index/package_run_dependencies/cpp_pub
[0.567s] -- Up-to-date: /home/gabriel/golfinho_app_ws/install/cpp_pub/share/ament_index/resource_index/parent_prefix_path/cpp_pub
[0.567s] -- Up-to-date: /home/gabriel/golfinho_app_ws/install/cpp_pub/share/cpp_pub/environment/ament_prefix_path.sh
[0.568s] -- Up-to-date: /home/gabriel/golfinho_app_ws/install/cpp_pub/share/cpp_pub/environment/ament_prefix_path.dsv
[0.568s] -- Up-to-date: /home/gabriel/golfinho_app_ws/install/cpp_pub/share/cpp_pub/environment/path.sh
[0.569s] -- Up-to-date: /home/gabriel/golfinho_app_ws/install/cpp_pub/share/cpp_pub/environment/path.dsv
[0.569s] -- Up-to-date: /home/gabriel/golfinho_app_ws/install/cpp_pub/share/cpp_pub/local_setup.bash
[0.569s] -- Up-to-date: /home/gabriel/golfinho_app_ws/install/cpp_pub/share/cpp_pub/local_setup.sh
[0.570s] -- Up-to-date: /home/gabriel/golfinho_app_ws/install/cpp_pub/share/cpp_pub/local_setup.zsh
[0.570s] -- Up-to-date: /home/gabriel/golfinho_app_ws/install/cpp_pub/share/cpp_pub/local_setup.dsv
[0.571s] -- Installing: /home/gabriel/golfinho_app_ws/install/cpp_pub/share/cpp_pub/package.dsv
[0.590s] -- Up-to-date: /home/gabriel/golfinho_app_ws/install/cpp_pub/share/ament_index/resource_index/packages/cpp_pub
[0.591s] -- Up-to-date: /home/gabriel/golfinho_app_ws/install/cpp_pub/share/cpp_pub/cmake/cpp_pubConfig.cmake
[0.591s] -- Up-to-date: /home/gabriel/golfinho_app_ws/install/cpp_pub/share/cpp_pub/cmake/cpp_pubConfig-version.cmake
[0.592s] -- Up-to-date: /home/gabriel/golfinho_app_ws/install/cpp_pub/share/cpp_pub/package.xml
[0.601s] Invoked command in '/home/gabriel/test_app_golfinho1/golfinho_app_ws/build/cpp_pub' returned '0': CMAKE_PREFIX_PATH=/opt/ros/foxy /usr/bin/cmake --install /home/gabriel/test_app_golfinho1/golfinho_app_ws/build/cpp_pub
