[0.022s] Invoking command in '/home/gabriel/golfinho_app_ws/build/cpp_pub': /usr/bin/cmake /home/gabriel/golfinho_app_ws/src/teleop -DCMAKE_INSTALL_PREFIX=/home/gabriel/golfinho_app_ws/install/cpp_pub
[0.244s] -- The C compiler identification is GNU 9.4.0
[0.354s] -- The CXX compiler identification is GNU 9.4.0
[0.367s] -- Check for working C compiler: /usr/bin/cc
[0.499s] -- Check for working C compiler: /usr/bin/cc -- works
[0.502s] -- Detecting C compiler ABI info
[0.630s] -- Detecting C compiler ABI info - done
[0.655s] -- Detecting C compile features
[0.656s] -- Detecting C compile features - done
[0.663s] -- Check for working CXX compiler: /usr/bin/c++
[0.813s] -- Check for working CXX compiler: /usr/bin/c++ -- works
[0.815s] -- Detecting CXX compiler ABI info
[0.971s] -- Detecting CXX compiler ABI info - done
[0.997s] -- Detecting CXX compile features
[0.998s] -- Detecting CXX compile features - done
[1.024s] CMake Error at CMakeLists.txt:13 (find_package):
[1.024s]   By not providing "Findament_cmake.cmake" in CMAKE_MODULE_PATH this project
[1.024s]   has asked CMake to find a package configuration file provided by
[1.024s]   "ament_cmake", but CMake did not find one.
[1.025s] 
[1.025s]   Could not find a package configuration file provided by "ament_cmake" with
[1.025s]   any of the following names:
[1.025s] 
[1.025s]     ament_cmakeConfig.cmake
[1.025s]     ament_cmake-config.cmake
[1.026s] 
[1.026s]   Add the installation prefix of "ament_cmake" to CMAKE_PREFIX_PATH or set
[1.026s]   "ament_cmake_DIR" to a directory containing one of the above files.  If
[1.026s]   "ament_cmake" provides a separate development package or SDK, be sure it
[1.026s]   has been installed.
[1.027s] 
[1.027s] 
[1.027s] -- Configuring incomplete, errors occurred!
[1.027s] See also "/home/gabriel/golfinho_app_ws/build/cpp_pub/CMakeFiles/CMakeOutput.log".
[1.030s] Invoked command in '/home/gabriel/golfinho_app_ws/build/cpp_pub' returned '1': /usr/bin/cmake /home/gabriel/golfinho_app_ws/src/teleop -DCMAKE_INSTALL_PREFIX=/home/gabriel/golfinho_app_ws/install/cpp_pub
