[0.000000] (-) TimerEvent: {}
[0.000125] (cpp_pub) JobQueued: {'identifier': 'cpp_pub', 'dependencies': OrderedDict()}
[0.000160] (cpp_pub) JobStarted: {'identifier': 'cpp_pub'}
[0.016517] (cpp_pub) JobProgress: {'identifier': 'cpp_pub', 'progress': 'cmake'}
[0.029259] (cpp_pub) JobProgress: {'identifier': 'cpp_pub', 'progress': 'build'}
[0.032878] (cpp_pub) Command: {'cmd': ['/usr/bin/cmake', '--build', '/home/gabriel/golfinho_app_ws/build/cpp_pub', '--', '-j8', '-l8'], 'cwd': '/home/gabriel/golfinho_app_ws/build/cpp_pub', 'env': OrderedDict([('GJS_DEBUG_TOPICS', 'JS ERROR;JS LOG'), ('USER', 'gabriel'), ('SSH_AGENT_PID', '1849'), ('XDG_SESSION_TYPE', 'x11'), ('SHLVL', '1'), ('LD_LIBRARY_PATH', '/opt/ros/foxy/opt/yaml_cpp_vendor/lib:/opt/ros/foxy/opt/rviz_ogre_vendor/lib:/opt/ros/foxy/lib/x86_64-linux-gnu:/opt/ros/foxy/lib'), ('HOME', '/home/gabriel'), ('OLDPWD', '/home/gabriel'), ('DESKTOP_SESSION', 'ubuntu'), ('GIO_LAUNCHED_DESKTOP_FILE', '/usr/share/applications/terminator.desktop'), ('ROS_PYTHON_VERSION', '3'), ('GNOME_SHELL_SESSION_MODE', 'ubuntu'), ('GTK_MODULES', 'gail:atk-bridge'), ('MANAGERPID', '1670'), ('DBUS_SESSION_BUS_ADDRESS', 'unix:path=/run/user/1000/bus'), ('COLORTERM', 'truecolor'), ('TERMINATOR_DBUS_NAME', 'net.tenshu.Terminator21a9d5db22c73a993ff0b42f64b396873'), ('GIO_LAUNCHED_DESKTOP_FILE_PID', '11795'), ('MANDATORY_PATH', '/usr/share/gconf/ubuntu.mandatory.path'), ('IM_CONFIG_PHASE', '1'), ('ROS_DISTRO', 'foxy'), ('LOGNAME', 'gabriel'), ('JOURNAL_STREAM', '8:50446'), ('_', '/usr/bin/colcon'), ('ROS_VERSION', '2'), ('XDG_SESSION_CLASS', 'user'), ('DEFAULTS_PATH', '/usr/share/gconf/ubuntu.default.path'), ('USERNAME', 'gabriel'), ('TERM', 'xterm-256color'), ('GNOME_DESKTOP_SESSION_ID', 'this-is-deprecated'), ('ROS_LOCALHOST_ONLY', '0'), ('WINDOWPATH', '2'), ('PATH', '/opt/ros/foxy/bin:/usr/local/sbin:/usr/local/bin:/usr/sbin:/usr/bin:/sbin:/bin:/usr/games:/usr/local/games:/snap/bin'), ('SESSION_MANAGER', 'local/gabriel-Lenovo-ideapad-330-15IKB:@/tmp/.ICE-unix/1887,unix/gabriel-Lenovo-ideapad-330-15IKB:/tmp/.ICE-unix/1887'), ('INVOCATION_ID', '825139a29fe64ff8a9cf54029224fcd2'), ('XDG_MENU_PREFIX', 'gnome-'), ('XDG_RUNTIME_DIR', '/run/user/1000'), ('DISPLAY', ':0'), ('TERMINATOR_DBUS_PATH', '/net/tenshu/Terminator2'), ('LANG', 'en_US.UTF-8'), ('XDG_CURRENT_DESKTOP', 'ubuntu:GNOME'), ('XMODIFIERS', '@im=ibus'), ('XDG_SESSION_DESKTOP', 'ubuntu'), ('XAUTHORITY', '/run/user/1000/gdm/Xauthority'), ('SSH_AUTH_SOCK', '/run/user/1000/keyring/ssh'), ('AMENT_PREFIX_PATH', '/opt/ros/foxy'), ('SHELL', '/bin/bash'), ('TERMINATOR_UUID', 'urn:uuid:741618c9-9f75-4d61-adfe-04f5e4d5fb2f'), ('QT_ACCESSIBILITY', '1'), ('GDMSESSION', 'ubuntu'), ('GPG_AGENT_INFO', '/run/user/1000/gnupg/S.gpg-agent:0:1'), ('GJS_DEBUG_OUTPUT', 'stderr'), ('QT_IM_MODULE', 'ibus'), ('JAVA_HOME', '/usr/lib/jvm/java-8-openjdk-amd64/'), ('PWD', '/home/gabriel/golfinho_app_ws/build/cpp_pub'), ('LC_ALL', 'en_US.UTF-8'), ('XDG_CONFIG_DIRS', '/etc/xdg/xdg-ubuntu:/etc/xdg'), ('ANDROID_HOME', '~/Android/Sdk'), ('XDG_DATA_DIRS', '/usr/share/ubuntu:/usr/local/share/:/usr/share/:/var/lib/snapd/desktop'), ('PYTHONPATH', '/opt/ros/foxy/lib/python3.8/site-packages'), ('ANDROID_NDK', '~/Android/Sdk/ndk-bundle'), ('COLCON', '1'), ('VTE_VERSION', '6003'), ('CMAKE_PREFIX_PATH', '/opt/ros/foxy')]), 'shell': False}
[0.101020] (-) TimerEvent: {}
[0.202035] (-) TimerEvent: {}
[0.302793] (-) TimerEvent: {}
[0.403596] (-) TimerEvent: {}
[0.504584] (-) TimerEvent: {}
[0.605661] (-) TimerEvent: {}
[0.706389] (-) TimerEvent: {}
[0.789935] (cpp_pub) StdoutLine: {'line': b'\x1b[35m\x1b[1mScanning dependencies of target golfinho_teleop\x1b[0m\n'}
[0.806631] (-) TimerEvent: {}
[0.835221] (cpp_pub) StdoutLine: {'line': b'[ 66%] Built target talker\n'}
[0.835434] (cpp_pub) StdoutLine: {'line': b'[ 66%] Built target listener\n'}
[0.906696] (-) TimerEvent: {}
[0.927528] (cpp_pub) StdoutLine: {'line': b'[ 83%] \x1b[32mBuilding CXX object CMakeFiles/golfinho_teleop.dir/src/golfinho_teleop_node.cpp.o\x1b[0m\n'}
[1.006937] (-) TimerEvent: {}
[1.107778] (-) TimerEvent: {}
[1.208103] (-) TimerEvent: {}
[1.308430] (-) TimerEvent: {}
[1.408756] (-) TimerEvent: {}
[1.509092] (-) TimerEvent: {}
[1.609423] (-) TimerEvent: {}
[1.709750] (-) TimerEvent: {}
[1.810080] (-) TimerEvent: {}
[1.910407] (-) TimerEvent: {}
[2.010753] (-) TimerEvent: {}
[2.111087] (-) TimerEvent: {}
[2.211422] (-) TimerEvent: {}
[2.311763] (-) TimerEvent: {}
[2.412096] (-) TimerEvent: {}
[2.512430] (-) TimerEvent: {}
[2.612767] (-) TimerEvent: {}
[2.713100] (-) TimerEvent: {}
[2.813439] (-) TimerEvent: {}
[2.913768] (-) TimerEvent: {}
[3.014123] (-) TimerEvent: {}
[3.114476] (-) TimerEvent: {}
[3.214842] (-) TimerEvent: {}
[3.315180] (-) TimerEvent: {}
[3.415503] (-) TimerEvent: {}
[3.515828] (-) TimerEvent: {}
[3.616221] (-) TimerEvent: {}
[3.716529] (-) TimerEvent: {}
[3.816846] (-) TimerEvent: {}
[3.917164] (-) TimerEvent: {}
[4.017464] (-) TimerEvent: {}
[4.087951] (cpp_pub) StdoutLine: {'line': b'[100%] \x1b[32m\x1b[1mLinking CXX executable golfinho_teleop\x1b[0m\n'}
[4.117568] (-) TimerEvent: {}
[4.217904] (-) TimerEvent: {}
[4.318289] (-) TimerEvent: {}
[4.323711] (cpp_pub) StdoutLine: {'line': b'[100%] Built target golfinho_teleop\n'}
[4.337042] (cpp_pub) CommandEnded: {'returncode': 0}
[4.368302] (cpp_pub) JobProgress: {'identifier': 'cpp_pub', 'progress': 'install'}
[4.380651] (cpp_pub) Command: {'cmd': ['/usr/bin/cmake', '--install', '/home/gabriel/golfinho_app_ws/build/cpp_pub'], 'cwd': '/home/gabriel/golfinho_app_ws/build/cpp_pub', 'env': OrderedDict([('GJS_DEBUG_TOPICS', 'JS ERROR;JS LOG'), ('USER', 'gabriel'), ('SSH_AGENT_PID', '1849'), ('XDG_SESSION_TYPE', 'x11'), ('SHLVL', '1'), ('LD_LIBRARY_PATH', '/opt/ros/foxy/opt/yaml_cpp_vendor/lib:/opt/ros/foxy/opt/rviz_ogre_vendor/lib:/opt/ros/foxy/lib/x86_64-linux-gnu:/opt/ros/foxy/lib'), ('HOME', '/home/gabriel'), ('OLDPWD', '/home/gabriel'), ('DESKTOP_SESSION', 'ubuntu'), ('GIO_LAUNCHED_DESKTOP_FILE', '/usr/share/applications/terminator.desktop'), ('ROS_PYTHON_VERSION', '3'), ('GNOME_SHELL_SESSION_MODE', 'ubuntu'), ('GTK_MODULES', 'gail:atk-bridge'), ('MANAGERPID', '1670'), ('DBUS_SESSION_BUS_ADDRESS', 'unix:path=/run/user/1000/bus'), ('COLORTERM', 'truecolor'), ('TERMINATOR_DBUS_NAME', 'net.tenshu.Terminator21a9d5db22c73a993ff0b42f64b396873'), ('GIO_LAUNCHED_DESKTOP_FILE_PID', '11795'), ('MANDATORY_PATH', '/usr/share/gconf/ubuntu.mandatory.path'), ('IM_CONFIG_PHASE', '1'), ('ROS_DISTRO', 'foxy'), ('LOGNAME', 'gabriel'), ('JOURNAL_STREAM', '8:50446'), ('_', '/usr/bin/colcon'), ('ROS_VERSION', '2'), ('XDG_SESSION_CLASS', 'user'), ('DEFAULTS_PATH', '/usr/share/gconf/ubuntu.default.path'), ('USERNAME', 'gabriel'), ('TERM', 'xterm-256color'), ('GNOME_DESKTOP_SESSION_ID', 'this-is-deprecated'), ('ROS_LOCALHOST_ONLY', '0'), ('WINDOWPATH', '2'), ('PATH', '/opt/ros/foxy/bin:/usr/local/sbin:/usr/local/bin:/usr/sbin:/usr/bin:/sbin:/bin:/usr/games:/usr/local/games:/snap/bin'), ('SESSION_MANAGER', 'local/gabriel-Lenovo-ideapad-330-15IKB:@/tmp/.ICE-unix/1887,unix/gabriel-Lenovo-ideapad-330-15IKB:/tmp/.ICE-unix/1887'), ('INVOCATION_ID', '825139a29fe64ff8a9cf54029224fcd2'), ('XDG_MENU_PREFIX', 'gnome-'), ('XDG_RUNTIME_DIR', '/run/user/1000'), ('DISPLAY', ':0'), ('TERMINATOR_DBUS_PATH', '/net/tenshu/Terminator2'), ('LANG', 'en_US.UTF-8'), ('XDG_CURRENT_DESKTOP', 'ubuntu:GNOME'), ('XMODIFIERS', '@im=ibus'), ('XDG_SESSION_DESKTOP', 'ubuntu'), ('XAUTHORITY', '/run/user/1000/gdm/Xauthority'), ('SSH_AUTH_SOCK', '/run/user/1000/keyring/ssh'), ('AMENT_PREFIX_PATH', '/opt/ros/foxy'), ('SHELL', '/bin/bash'), ('TERMINATOR_UUID', 'urn:uuid:741618c9-9f75-4d61-adfe-04f5e4d5fb2f'), ('QT_ACCESSIBILITY', '1'), ('GDMSESSION', 'ubuntu'), ('GPG_AGENT_INFO', '/run/user/1000/gnupg/S.gpg-agent:0:1'), ('GJS_DEBUG_OUTPUT', 'stderr'), ('QT_IM_MODULE', 'ibus'), ('JAVA_HOME', '/usr/lib/jvm/java-8-openjdk-amd64/'), ('PWD', '/home/gabriel/golfinho_app_ws/build/cpp_pub'), ('LC_ALL', 'en_US.UTF-8'), ('XDG_CONFIG_DIRS', '/etc/xdg/xdg-ubuntu:/etc/xdg'), ('ANDROID_HOME', '~/Android/Sdk'), ('XDG_DATA_DIRS', '/usr/share/ubuntu:/usr/local/share/:/usr/share/:/var/lib/snapd/desktop'), ('PYTHONPATH', '/opt/ros/foxy/lib/python3.8/site-packages'), ('ANDROID_NDK', '~/Android/Sdk/ndk-bundle'), ('COLCON', '1'), ('VTE_VERSION', '6003'), ('CMAKE_PREFIX_PATH', '/opt/ros/foxy')]), 'shell': False}
[4.401979] (cpp_pub) StdoutLine: {'line': b'-- Install configuration: ""\n'}
[4.418565] (-) TimerEvent: {}
[4.423363] (cpp_pub) StdoutLine: {'line': b'-- Up-to-date: /home/gabriel/golfinho_app_ws/install/cpp_pub/lib/cpp_pub/talker\n'}
[4.453125] (cpp_pub) StdoutLine: {'line': b'-- Up-to-date: /home/gabriel/golfinho_app_ws/install/cpp_pub/lib/cpp_pub/listener\n'}
[4.464831] (cpp_pub) StdoutLine: {'line': b'-- Installing: /home/gabriel/golfinho_app_ws/install/cpp_pub/lib/cpp_pub/golfinho_teleop\n'}
[4.477389] (cpp_pub) StdoutLine: {'line': b'-- Set runtime path of "/home/gabriel/golfinho_app_ws/install/cpp_pub/lib/cpp_pub/golfinho_teleop" to ""\n'}
[4.478735] (cpp_pub) StdoutLine: {'line': b'-- Up-to-date: /home/gabriel/golfinho_app_ws/install/cpp_pub/share/ament_index/resource_index/package_run_dependencies/cpp_pub\n'}
[4.479593] (cpp_pub) StdoutLine: {'line': b'-- Up-to-date: /home/gabriel/golfinho_app_ws/install/cpp_pub/share/ament_index/resource_index/parent_prefix_path/cpp_pub\n'}
[4.480079] (cpp_pub) StdoutLine: {'line': b'-- Up-to-date: /home/gabriel/golfinho_app_ws/install/cpp_pub/share/cpp_pub/environment/ament_prefix_path.sh\n'}
[4.480511] (cpp_pub) StdoutLine: {'line': b'-- Up-to-date: /home/gabriel/golfinho_app_ws/install/cpp_pub/share/cpp_pub/environment/ament_prefix_path.dsv\n'}
[4.480937] (cpp_pub) StdoutLine: {'line': b'-- Up-to-date: /home/gabriel/golfinho_app_ws/install/cpp_pub/share/cpp_pub/environment/path.sh\n'}
[4.481386] (cpp_pub) StdoutLine: {'line': b'-- Up-to-date: /home/gabriel/golfinho_app_ws/install/cpp_pub/share/cpp_pub/environment/path.dsv\n'}
[4.481798] (cpp_pub) StdoutLine: {'line': b'-- Up-to-date: /home/gabriel/golfinho_app_ws/install/cpp_pub/share/cpp_pub/local_setup.bash\n'}
[4.518810] (-) TimerEvent: {}
[4.525214] (cpp_pub) StdoutLine: {'line': b'-- Up-to-date: /home/gabriel/golfinho_app_ws/install/cpp_pub/share/cpp_pub/local_setup.sh\n'}
[4.526202] (cpp_pub) StdoutLine: {'line': b'-- Up-to-date: /home/gabriel/golfinho_app_ws/install/cpp_pub/share/cpp_pub/local_setup.zsh\n'}
[4.526732] (cpp_pub) StdoutLine: {'line': b'-- Up-to-date: /home/gabriel/golfinho_app_ws/install/cpp_pub/share/cpp_pub/local_setup.dsv\n'}
[4.527122] (cpp_pub) StdoutLine: {'line': b'-- Installing: /home/gabriel/golfinho_app_ws/install/cpp_pub/share/cpp_pub/package.dsv\n'}
[4.539050] (cpp_pub) StdoutLine: {'line': b'-- Up-to-date: /home/gabriel/golfinho_app_ws/install/cpp_pub/share/ament_index/resource_index/packages/cpp_pub\n'}
[4.540050] (cpp_pub) StdoutLine: {'line': b'-- Up-to-date: /home/gabriel/golfinho_app_ws/install/cpp_pub/share/cpp_pub/cmake/cpp_pubConfig.cmake\n'}
[4.540498] (cpp_pub) StdoutLine: {'line': b'-- Up-to-date: /home/gabriel/golfinho_app_ws/install/cpp_pub/share/cpp_pub/cmake/cpp_pubConfig-version.cmake\n'}
[4.540844] (cpp_pub) StdoutLine: {'line': b'-- Up-to-date: /home/gabriel/golfinho_app_ws/install/cpp_pub/share/cpp_pub/package.xml\n'}
[4.549731] (cpp_pub) CommandEnded: {'returncode': 0}
[4.618982] (-) TimerEvent: {}
[4.638392] (cpp_pub) JobEnded: {'identifier': 'cpp_pub', 'rc': 0}
[4.639234] (-) EventReactorShutdown: {}
