[0.015s] Invoking command in '/home/gabriel/golfinho_app_ws/build/cpp_pub': CMAKE_PREFIX_PATH=/opt/ros/foxy /usr/bin/cmake --build /home/gabriel/golfinho_app_ws/build/cpp_pub -- -j8 -l8
[0.057s] [35m[1mScanning dependencies of target talker[0m
[0.057s] [35m[1mScanning dependencies of target golfinho_teleop[0m
[0.075s] [ 33%] Built target listener
[0.082s] [ 50%] [32mBuilding CXX object CMakeFiles/talker.dir/src/publisher_member_function.cpp.o[0m
[0.083s] [ 66%] [32mBuilding CXX object CMakeFiles/golfinho_teleop.dir/src/golfinho_teleop_node.cpp.o[0m
[2.954s] [ 83%] [32m[1mLinking CXX executable talker[0m
[3.029s] [100%] [32m[1mLinking CXX executable golfinho_teleop[0m
[3.130s] [100%] Built target talker
[3.227s] [100%] Built target golfinho_teleop
[3.239s] Invoked command in '/home/gabriel/golfinho_app_ws/build/cpp_pub' returned '0': CMAKE_PREFIX_PATH=/opt/ros/foxy /usr/bin/cmake --build /home/gabriel/golfinho_app_ws/build/cpp_pub -- -j8 -l8
[3.284s] Invoking command in '/home/gabriel/golfinho_app_ws/build/cpp_pub': CMAKE_PREFIX_PATH=/opt/ros/foxy /usr/bin/cmake --install /home/gabriel/golfinho_app_ws/build/cpp_pub
[3.294s] -- Install configuration: ""
[3.294s] -- Installing: /home/gabriel/golfinho_app_ws/install/cpp_pub/lib/cpp_pub/talker
[3.295s] -- Set runtime path of "/home/gabriel/golfinho_app_ws/install/cpp_pub/lib/cpp_pub/talker" to ""
[3.295s] -- Up-to-date: /home/gabriel/golfinho_app_ws/install/cpp_pub/lib/cpp_pub/listener
[3.296s] -- Installing: /home/gabriel/golfinho_app_ws/install/cpp_pub/lib/cpp_pub/golfinho_teleop
[3.297s] -- Set runtime path of "/home/gabriel/golfinho_app_ws/install/cpp_pub/lib/cpp_pub/golfinho_teleop" to ""
[3.297s] -- Up-to-date: /home/gabriel/golfinho_app_ws/install/cpp_pub/share/ament_index/resource_index/package_run_dependencies/cpp_pub
[3.297s] -- Up-to-date: /home/gabriel/golfinho_app_ws/install/cpp_pub/share/ament_index/resource_index/parent_prefix_path/cpp_pub
[3.297s] -- Up-to-date: /home/gabriel/golfinho_app_ws/install/cpp_pub/share/cpp_pub/environment/ament_prefix_path.sh
[3.297s] -- Up-to-date: /home/gabriel/golfinho_app_ws/install/cpp_pub/share/cpp_pub/environment/ament_prefix_path.dsv
[3.298s] -- Up-to-date: /home/gabriel/golfinho_app_ws/install/cpp_pub/share/cpp_pub/environment/path.sh
[3.298s] -- Up-to-date: /home/gabriel/golfinho_app_ws/install/cpp_pub/share/cpp_pub/environment/path.dsv
[3.298s] -- Up-to-date: /home/gabriel/golfinho_app_ws/install/cpp_pub/share/cpp_pub/local_setup.bash
[3.298s] -- Up-to-date: /home/gabriel/golfinho_app_ws/install/cpp_pub/share/cpp_pub/local_setup.sh
[3.298s] -- Up-to-date: /home/gabriel/golfinho_app_ws/install/cpp_pub/share/cpp_pub/local_setup.zsh
[3.298s] -- Up-to-date: /home/gabriel/golfinho_app_ws/install/cpp_pub/share/cpp_pub/local_setup.dsv
[3.298s] -- Installing: /home/gabriel/golfinho_app_ws/install/cpp_pub/share/cpp_pub/package.dsv
[3.298s] -- Up-to-date: /home/gabriel/golfinho_app_ws/install/cpp_pub/share/ament_index/resource_index/packages/cpp_pub
[3.298s] -- Up-to-date: /home/gabriel/golfinho_app_ws/install/cpp_pub/share/cpp_pub/cmake/cpp_pubConfig.cmake
[3.298s] -- Up-to-date: /home/gabriel/golfinho_app_ws/install/cpp_pub/share/cpp_pub/cmake/cpp_pubConfig-version.cmake
[3.298s] -- Up-to-date: /home/gabriel/golfinho_app_ws/install/cpp_pub/share/cpp_pub/package.xml
[3.300s] Invoked command in '/home/gabriel/golfinho_app_ws/build/cpp_pub' returned '0': CMAKE_PREFIX_PATH=/opt/ros/foxy /usr/bin/cmake --install /home/gabriel/golfinho_app_ws/build/cpp_pub
