[0.000000] (-) TimerEvent: {}
[0.000420] (cpp_pub) JobQueued: {'identifier': 'cpp_pub', 'dependencies': OrderedDict()}
[0.000829] (cpp_pub) JobStarted: {'identifier': 'cpp_pub'}
[0.014028] (cpp_pub) JobProgress: {'identifier': 'cpp_pub', 'progress': 'cmake'}
[0.023853] (cpp_pub) JobProgress: {'identifier': 'cpp_pub', 'progress': 'build'}
[0.024992] (cpp_pub) Command: {'cmd': ['/usr/bin/cmake', '--build', '/home/gabriel/golfinho_app_ws/build/cpp_pub', '--', '-j8', '-l8'], 'cwd': '/home/gabriel/golfinho_app_ws/build/cpp_pub', 'env': OrderedDict([('GJS_DEBUG_TOPICS', 'JS ERROR;JS LOG'), ('USER', 'gabriel'), ('SSH_AGENT_PID', '1783'), ('XDG_SESSION_TYPE', 'x11'), ('SHLVL', '1'), ('LD_LIBRARY_PATH', '/opt/ros/foxy/opt/yaml_cpp_vendor/lib:/opt/ros/foxy/opt/rviz_ogre_vendor/lib:/opt/ros/foxy/lib/x86_64-linux-gnu:/opt/ros/foxy/lib'), ('HOME', '/home/gabriel'), ('OLDPWD', '/home/gabriel'), ('DESKTOP_SESSION', 'ubuntu'), ('GIO_LAUNCHED_DESKTOP_FILE', '/usr/share/applications/terminator.desktop'), ('ROS_PYTHON_VERSION', '3'), ('GNOME_SHELL_SESSION_MODE', 'ubuntu'), ('GTK_MODULES', 'gail:atk-bridge'), ('MANAGERPID', '1610'), ('DBUS_SESSION_BUS_ADDRESS', 'unix:path=/run/user/1000/bus'), ('COLORTERM', 'truecolor'), ('TERMINATOR_DBUS_NAME', 'net.tenshu.Terminator23558193cd9818af7fe4d2c2f5bd9d00f'), ('GIO_LAUNCHED_DESKTOP_FILE_PID', '24979'), ('MANDATORY_PATH', '/usr/share/gconf/ubuntu.mandatory.path'), ('IM_CONFIG_PHASE', '1'), ('ROS_DISTRO', 'foxy'), ('LOGNAME', 'gabriel'), ('JOURNAL_STREAM', '8:46486'), ('_', '/usr/bin/colcon'), ('ROS_VERSION', '2'), ('XDG_SESSION_CLASS', 'user'), ('DEFAULTS_PATH', '/usr/share/gconf/ubuntu.default.path'), ('USERNAME', 'gabriel'), ('TERM', 'xterm-256color'), ('GNOME_DESKTOP_SESSION_ID', 'this-is-deprecated'), ('ROS_LOCALHOST_ONLY', '0'), ('WINDOWPATH', '2'), ('PATH', '/opt/ros/foxy/bin:/usr/local/sbin:/usr/local/bin:/usr/sbin:/usr/bin:/sbin:/bin:/usr/games:/usr/local/games:/snap/bin'), ('SESSION_MANAGER', 'local/gabriel-Lenovo-ideapad-330-15IKB:@/tmp/.ICE-unix/1821,unix/gabriel-Lenovo-ideapad-330-15IKB:/tmp/.ICE-unix/1821'), ('INVOCATION_ID', '58b79b75cf334a7a95569d4fc58ea186'), ('XDG_MENU_PREFIX', 'gnome-'), ('XDG_RUNTIME_DIR', '/run/user/1000'), ('DISPLAY', ':1'), ('TERMINATOR_DBUS_PATH', '/net/tenshu/Terminator2'), ('LANG', 'en_US.UTF-8'), ('XDG_CURRENT_DESKTOP', 'ubuntu:GNOME'), ('XMODIFIERS', '@im=ibus'), ('XDG_SESSION_DESKTOP', 'ubuntu'), ('XAUTHORITY', '/run/user/1000/gdm/Xauthority'), ('SSH_AUTH_SOCK', '/run/user/1000/keyring/ssh'), ('AMENT_PREFIX_PATH', '/opt/ros/foxy'), ('SHELL', '/bin/bash'), ('TERMINATOR_UUID', 'urn:uuid:ffd46c33-852b-4adb-9ac2-3f8b714109de'), ('QT_ACCESSIBILITY', '1'), ('GDMSESSION', 'ubuntu'), ('GPG_AGENT_INFO', '/run/user/1000/gnupg/S.gpg-agent:0:1'), ('GJS_DEBUG_OUTPUT', 'stderr'), ('QT_IM_MODULE', 'ibus'), ('JAVA_HOME', '/usr/lib/jvm/java-8-openjdk-amd64/'), ('PWD', '/home/gabriel/golfinho_app_ws/build/cpp_pub'), ('LC_ALL', 'en_US.UTF-8'), ('XDG_CONFIG_DIRS', '/etc/xdg/xdg-ubuntu:/etc/xdg'), ('ANDROID_HOME', '~/Android/Sdk'), ('XDG_DATA_DIRS', '/usr/share/ubuntu:/usr/local/share/:/usr/share/:/var/lib/snapd/desktop'), ('PYTHONPATH', '/opt/ros/foxy/lib/python3.8/site-packages'), ('ANDROID_NDK', '~/Android/Sdk/ndk-bundle'), ('COLCON', '1'), ('VTE_VERSION', '6003'), ('CMAKE_PREFIX_PATH', '/opt/ros/foxy')]), 'shell': False}
[0.100082] (-) TimerEvent: {}
[0.103435] (cpp_pub) StdoutLine: {'line': b'[ 66%] Built target talker\n'}
[0.103721] (cpp_pub) StdoutLine: {'line': b'[ 66%] Built target listener\n'}
[0.195056] (cpp_pub) StdoutLine: {'line': b'\x1b[35m\x1b[1mScanning dependencies of target golfinho_teleop\x1b[0m\n'}
[0.200262] (-) TimerEvent: {}
[0.289829] (cpp_pub) StdoutLine: {'line': b'[ 83%] \x1b[32mBuilding CXX object CMakeFiles/golfinho_teleop.dir/src/golfinho_teleop_node.cpp.o\x1b[0m\n'}
[0.300366] (-) TimerEvent: {}
[0.400645] (-) TimerEvent: {}
[0.501026] (-) TimerEvent: {}
[0.601410] (-) TimerEvent: {}
[0.701745] (-) TimerEvent: {}
[0.802086] (-) TimerEvent: {}
[0.902445] (-) TimerEvent: {}
[1.002775] (-) TimerEvent: {}
[1.103130] (-) TimerEvent: {}
[1.203479] (-) TimerEvent: {}
[1.303840] (-) TimerEvent: {}
[1.404180] (-) TimerEvent: {}
[1.504528] (-) TimerEvent: {}
[1.604884] (-) TimerEvent: {}
[1.705240] (-) TimerEvent: {}
[1.805560] (-) TimerEvent: {}
[1.905890] (-) TimerEvent: {}
[2.006188] (-) TimerEvent: {}
[2.106527] (-) TimerEvent: {}
[2.206875] (-) TimerEvent: {}
[2.307234] (-) TimerEvent: {}
[2.407601] (-) TimerEvent: {}
[2.507973] (-) TimerEvent: {}
[2.608309] (-) TimerEvent: {}
[2.708717] (-) TimerEvent: {}
[2.809120] (-) TimerEvent: {}
[2.909407] (-) TimerEvent: {}
[3.009722] (-) TimerEvent: {}
[3.109999] (-) TimerEvent: {}
[3.210315] (-) TimerEvent: {}
[3.310662] (-) TimerEvent: {}
[3.410973] (-) TimerEvent: {}
[3.480931] (cpp_pub) StdoutLine: {'line': b'[100%] \x1b[32m\x1b[1mLinking CXX executable golfinho_teleop\x1b[0m\n'}
[3.511119] (-) TimerEvent: {}
[3.611456] (-) TimerEvent: {}
[3.670969] (cpp_pub) StdoutLine: {'line': b'[100%] Built target golfinho_teleop\n'}
[3.683022] (cpp_pub) CommandEnded: {'returncode': 0}
[3.711834] (cpp_pub) JobProgress: {'identifier': 'cpp_pub', 'progress': 'install'}
[3.711944] (-) TimerEvent: {}
[3.724528] (cpp_pub) Command: {'cmd': ['/usr/bin/cmake', '--install', '/home/gabriel/golfinho_app_ws/build/cpp_pub'], 'cwd': '/home/gabriel/golfinho_app_ws/build/cpp_pub', 'env': OrderedDict([('GJS_DEBUG_TOPICS', 'JS ERROR;JS LOG'), ('USER', 'gabriel'), ('SSH_AGENT_PID', '1783'), ('XDG_SESSION_TYPE', 'x11'), ('SHLVL', '1'), ('LD_LIBRARY_PATH', '/opt/ros/foxy/opt/yaml_cpp_vendor/lib:/opt/ros/foxy/opt/rviz_ogre_vendor/lib:/opt/ros/foxy/lib/x86_64-linux-gnu:/opt/ros/foxy/lib'), ('HOME', '/home/gabriel'), ('OLDPWD', '/home/gabriel'), ('DESKTOP_SESSION', 'ubuntu'), ('GIO_LAUNCHED_DESKTOP_FILE', '/usr/share/applications/terminator.desktop'), ('ROS_PYTHON_VERSION', '3'), ('GNOME_SHELL_SESSION_MODE', 'ubuntu'), ('GTK_MODULES', 'gail:atk-bridge'), ('MANAGERPID', '1610'), ('DBUS_SESSION_BUS_ADDRESS', 'unix:path=/run/user/1000/bus'), ('COLORTERM', 'truecolor'), ('TERMINATOR_DBUS_NAME', 'net.tenshu.Terminator23558193cd9818af7fe4d2c2f5bd9d00f'), ('GIO_LAUNCHED_DESKTOP_FILE_PID', '24979'), ('MANDATORY_PATH', '/usr/share/gconf/ubuntu.mandatory.path'), ('IM_CONFIG_PHASE', '1'), ('ROS_DISTRO', 'foxy'), ('LOGNAME', 'gabriel'), ('JOURNAL_STREAM', '8:46486'), ('_', '/usr/bin/colcon'), ('ROS_VERSION', '2'), ('XDG_SESSION_CLASS', 'user'), ('DEFAULTS_PATH', '/usr/share/gconf/ubuntu.default.path'), ('USERNAME', 'gabriel'), ('TERM', 'xterm-256color'), ('GNOME_DESKTOP_SESSION_ID', 'this-is-deprecated'), ('ROS_LOCALHOST_ONLY', '0'), ('WINDOWPATH', '2'), ('PATH', '/opt/ros/foxy/bin:/usr/local/sbin:/usr/local/bin:/usr/sbin:/usr/bin:/sbin:/bin:/usr/games:/usr/local/games:/snap/bin'), ('SESSION_MANAGER', 'local/gabriel-Lenovo-ideapad-330-15IKB:@/tmp/.ICE-unix/1821,unix/gabriel-Lenovo-ideapad-330-15IKB:/tmp/.ICE-unix/1821'), ('INVOCATION_ID', '58b79b75cf334a7a95569d4fc58ea186'), ('XDG_MENU_PREFIX', 'gnome-'), ('XDG_RUNTIME_DIR', '/run/user/1000'), ('DISPLAY', ':1'), ('TERMINATOR_DBUS_PATH', '/net/tenshu/Terminator2'), ('LANG', 'en_US.UTF-8'), ('XDG_CURRENT_DESKTOP', 'ubuntu:GNOME'), ('XMODIFIERS', '@im=ibus'), ('XDG_SESSION_DESKTOP', 'ubuntu'), ('XAUTHORITY', '/run/user/1000/gdm/Xauthority'), ('SSH_AUTH_SOCK', '/run/user/1000/keyring/ssh'), ('AMENT_PREFIX_PATH', '/opt/ros/foxy'), ('SHELL', '/bin/bash'), ('TERMINATOR_UUID', 'urn:uuid:ffd46c33-852b-4adb-9ac2-3f8b714109de'), ('QT_ACCESSIBILITY', '1'), ('GDMSESSION', 'ubuntu'), ('GPG_AGENT_INFO', '/run/user/1000/gnupg/S.gpg-agent:0:1'), ('GJS_DEBUG_OUTPUT', 'stderr'), ('QT_IM_MODULE', 'ibus'), ('JAVA_HOME', '/usr/lib/jvm/java-8-openjdk-amd64/'), ('PWD', '/home/gabriel/golfinho_app_ws/build/cpp_pub'), ('LC_ALL', 'en_US.UTF-8'), ('XDG_CONFIG_DIRS', '/etc/xdg/xdg-ubuntu:/etc/xdg'), ('ANDROID_HOME', '~/Android/Sdk'), ('XDG_DATA_DIRS', '/usr/share/ubuntu:/usr/local/share/:/usr/share/:/var/lib/snapd/desktop'), ('PYTHONPATH', '/opt/ros/foxy/lib/python3.8/site-packages'), ('ANDROID_NDK', '~/Android/Sdk/ndk-bundle'), ('COLCON', '1'), ('VTE_VERSION', '6003'), ('CMAKE_PREFIX_PATH', '/opt/ros/foxy')]), 'shell': False}
[3.734767] (cpp_pub) StdoutLine: {'line': b'-- Install configuration: ""\n'}
[3.735109] (cpp_pub) StdoutLine: {'line': b'-- Up-to-date: /home/gabriel/golfinho_app_ws/install/cpp_pub/lib/cpp_pub/talker\n'}
[3.742445] (cpp_pub) StdoutLine: {'line': b'-- Up-to-date: /home/gabriel/golfinho_app_ws/install/cpp_pub/lib/cpp_pub/listener\n'}
[3.742771] (cpp_pub) StdoutLine: {'line': b'-- Installing: /home/gabriel/golfinho_app_ws/install/cpp_pub/lib/cpp_pub/golfinho_teleop\n'}
[3.743812] (cpp_pub) StdoutLine: {'line': b'-- Set runtime path of "/home/gabriel/golfinho_app_ws/install/cpp_pub/lib/cpp_pub/golfinho_teleop" to ""\n'}
[3.744045] (cpp_pub) StdoutLine: {'line': b'-- Up-to-date: /home/gabriel/golfinho_app_ws/install/cpp_pub/share/ament_index/resource_index/package_run_dependencies/cpp_pub\n'}
[3.744242] (cpp_pub) StdoutLine: {'line': b'-- Up-to-date: /home/gabriel/golfinho_app_ws/install/cpp_pub/share/ament_index/resource_index/parent_prefix_path/cpp_pub\n'}
[3.744416] (cpp_pub) StdoutLine: {'line': b'-- Up-to-date: /home/gabriel/golfinho_app_ws/install/cpp_pub/share/cpp_pub/environment/ament_prefix_path.sh\n'}
[3.744567] (cpp_pub) StdoutLine: {'line': b'-- Up-to-date: /home/gabriel/golfinho_app_ws/install/cpp_pub/share/cpp_pub/environment/ament_prefix_path.dsv\n'}
[3.744699] (cpp_pub) StdoutLine: {'line': b'-- Up-to-date: /home/gabriel/golfinho_app_ws/install/cpp_pub/share/cpp_pub/environment/path.sh\n'}
[3.744831] (cpp_pub) StdoutLine: {'line': b'-- Up-to-date: /home/gabriel/golfinho_app_ws/install/cpp_pub/share/cpp_pub/environment/path.dsv\n'}
[3.744999] (cpp_pub) StdoutLine: {'line': b'-- Up-to-date: /home/gabriel/golfinho_app_ws/install/cpp_pub/share/cpp_pub/local_setup.bash\n'}
[3.745109] (cpp_pub) StdoutLine: {'line': b'-- Up-to-date: /home/gabriel/golfinho_app_ws/install/cpp_pub/share/cpp_pub/local_setup.sh\n'}
[3.745213] (cpp_pub) StdoutLine: {'line': b'-- Up-to-date: /home/gabriel/golfinho_app_ws/install/cpp_pub/share/cpp_pub/local_setup.zsh\n'}
[3.745316] (cpp_pub) StdoutLine: {'line': b'-- Up-to-date: /home/gabriel/golfinho_app_ws/install/cpp_pub/share/cpp_pub/local_setup.dsv\n'}
[3.745421] (cpp_pub) StdoutLine: {'line': b'-- Installing: /home/gabriel/golfinho_app_ws/install/cpp_pub/share/cpp_pub/package.dsv\n'}
[3.745526] (cpp_pub) StdoutLine: {'line': b'-- Up-to-date: /home/gabriel/golfinho_app_ws/install/cpp_pub/share/ament_index/resource_index/packages/cpp_pub\n'}
[3.745631] (cpp_pub) StdoutLine: {'line': b'-- Up-to-date: /home/gabriel/golfinho_app_ws/install/cpp_pub/share/cpp_pub/cmake/cpp_pubConfig.cmake\n'}
[3.745734] (cpp_pub) StdoutLine: {'line': b'-- Up-to-date: /home/gabriel/golfinho_app_ws/install/cpp_pub/share/cpp_pub/cmake/cpp_pubConfig-version.cmake\n'}
[3.745840] (cpp_pub) StdoutLine: {'line': b'-- Up-to-date: /home/gabriel/golfinho_app_ws/install/cpp_pub/share/cpp_pub/package.xml\n'}
[3.746988] (cpp_pub) CommandEnded: {'returncode': 0}
[3.796212] (cpp_pub) JobEnded: {'identifier': 'cpp_pub', 'rc': 0}
[3.796973] (-) EventReactorShutdown: {}
