[0.000000] (-) TimerEvent: {}
[0.000512] (cpp_pub) JobQueued: {'identifier': 'cpp_pub', 'dependencies': OrderedDict()}
[0.001117] (cpp_pub) JobStarted: {'identifier': 'cpp_pub'}
[0.020996] (cpp_pub) JobProgress: {'identifier': 'cpp_pub', 'progress': 'cmake'}
[0.024171] (cpp_pub) JobProgress: {'identifier': 'cpp_pub', 'progress': 'build'}
[0.024617] (cpp_pub) Command: {'cmd': ['/usr/bin/cmake', '--build', '/home/gabriel/golfinho_app_ws/build/cpp_pub', '--', '-j8', '-l8'], 'cwd': '/home/gabriel/golfinho_app_ws/build/cpp_pub', 'env': OrderedDict([('GJS_DEBUG_TOPICS', 'JS ERROR;JS LOG'), ('USER', 'gabriel'), ('SSH_AGENT_PID', '1737'), ('XDG_SESSION_TYPE', 'x11'), ('SHLVL', '1'), ('LD_LIBRARY_PATH', '/opt/ros/foxy/opt/yaml_cpp_vendor/lib:/opt/ros/foxy/opt/rviz_ogre_vendor/lib:/opt/ros/foxy/lib/x86_64-linux-gnu:/opt/ros/foxy/lib'), ('HOME', '/home/gabriel'), ('OLDPWD', '/home/gabriel'), ('DESKTOP_SESSION', 'ubuntu'), ('GIO_LAUNCHED_DESKTOP_FILE', '/usr/share/applications/terminator.desktop'), ('ROS_PYTHON_VERSION', '3'), ('GNOME_SHELL_SESSION_MODE', 'ubuntu'), ('GTK_MODULES', 'gail:atk-bridge'), ('MANAGERPID', '1564'), ('DBUS_SESSION_BUS_ADDRESS', 'unix:path=/run/user/1000/bus'), ('COLORTERM', 'truecolor'), ('TERMINATOR_DBUS_NAME', 'net.tenshu.Terminator23558193cd9818af7fe4d2c2f5bd9d00f'), ('GIO_LAUNCHED_DESKTOP_FILE_PID', '6087'), ('MANDATORY_PATH', '/usr/share/gconf/ubuntu.mandatory.path'), ('IM_CONFIG_PHASE', '1'), ('ROS_DISTRO', 'foxy'), ('LOGNAME', 'gabriel'), ('JOURNAL_STREAM', '8:45252'), ('_', '/usr/bin/colcon'), ('ROS_VERSION', '2'), ('XDG_SESSION_CLASS', 'user'), ('DEFAULTS_PATH', '/usr/share/gconf/ubuntu.default.path'), ('USERNAME', 'gabriel'), ('TERM', 'xterm-256color'), ('GNOME_DESKTOP_SESSION_ID', 'this-is-deprecated'), ('ROS_LOCALHOST_ONLY', '0'), ('WINDOWPATH', '2'), ('PATH', '/opt/ros/foxy/bin:/usr/local/sbin:/usr/local/bin:/usr/sbin:/usr/bin:/sbin:/bin:/usr/games:/usr/local/games:/snap/bin'), ('SESSION_MANAGER', 'local/gabriel-Lenovo-ideapad-330-15IKB:@/tmp/.ICE-unix/1776,unix/gabriel-Lenovo-ideapad-330-15IKB:/tmp/.ICE-unix/1776'), ('INVOCATION_ID', 'c561f220e1f243f480e141f9de192f9f'), ('XDG_MENU_PREFIX', 'gnome-'), ('XDG_RUNTIME_DIR', '/run/user/1000'), ('DISPLAY', ':1'), ('TERMINATOR_DBUS_PATH', '/net/tenshu/Terminator2'), ('LANG', 'en_US.UTF-8'), ('XDG_CURRENT_DESKTOP', 'ubuntu:GNOME'), ('XMODIFIERS', '@im=ibus'), ('XDG_SESSION_DESKTOP', 'ubuntu'), ('XAUTHORITY', '/run/user/1000/gdm/Xauthority'), ('SSH_AUTH_SOCK', '/run/user/1000/keyring/ssh'), ('AMENT_PREFIX_PATH', '/opt/ros/foxy'), ('SHELL', '/bin/bash'), ('TERMINATOR_UUID', 'urn:uuid:bc8bf69e-ca5a-4be0-a2e7-b66d3f6844e5'), ('QT_ACCESSIBILITY', '1'), ('GDMSESSION', 'ubuntu'), ('GPG_AGENT_INFO', '/run/user/1000/gnupg/S.gpg-agent:0:1'), ('GJS_DEBUG_OUTPUT', 'stderr'), ('QT_IM_MODULE', 'ibus'), ('JAVA_HOME', '/usr/lib/jvm/java-8-openjdk-amd64/'), ('PWD', '/home/gabriel/golfinho_app_ws/build/cpp_pub'), ('LC_ALL', 'en_US.UTF-8'), ('XDG_CONFIG_DIRS', '/etc/xdg/xdg-ubuntu:/etc/xdg'), ('ANDROID_HOME', '~/Android/Sdk'), ('XDG_DATA_DIRS', '/usr/share/ubuntu:/usr/local/share/:/usr/share/:/var/lib/snapd/desktop'), ('PYTHONPATH', '/opt/ros/foxy/lib/python3.8/site-packages'), ('ANDROID_NDK', '~/Android/Sdk/ndk-bundle'), ('COLCON', '1'), ('VTE_VERSION', '6003'), ('CMAKE_PREFIX_PATH', '/opt/ros/foxy')]), 'shell': False}
[0.099593] (-) TimerEvent: {}
[0.115067] (cpp_pub) StdoutLine: {'line': b'\x1b[35m\x1b[1mScanning dependencies of target golfinho_teleop\x1b[0m\n'}
[0.152613] (cpp_pub) StdoutLine: {'line': b'[ 33%] Built target talker\n'}
[0.153249] (cpp_pub) StdoutLine: {'line': b'[ 66%] Built target listener\n'}
[0.173299] (cpp_pub) StdoutLine: {'line': b'[ 83%] \x1b[32mBuilding CXX object CMakeFiles/golfinho_teleop.dir/src/golfinho_teleop_node.cpp.o\x1b[0m\n'}
[0.199692] (-) TimerEvent: {}
[0.300171] (-) TimerEvent: {}
[0.400784] (-) TimerEvent: {}
[0.501252] (-) TimerEvent: {}
[0.601720] (-) TimerEvent: {}
[0.702183] (-) TimerEvent: {}
[0.802647] (-) TimerEvent: {}
[0.903122] (-) TimerEvent: {}
[1.003595] (-) TimerEvent: {}
[1.104066] (-) TimerEvent: {}
[1.204505] (-) TimerEvent: {}
[1.305014] (-) TimerEvent: {}
[1.405490] (-) TimerEvent: {}
[1.505955] (-) TimerEvent: {}
[1.606454] (-) TimerEvent: {}
[1.706931] (-) TimerEvent: {}
[1.807407] (-) TimerEvent: {}
[1.907882] (-) TimerEvent: {}
[2.008360] (-) TimerEvent: {}
[2.108845] (-) TimerEvent: {}
[2.209306] (-) TimerEvent: {}
[2.309781] (-) TimerEvent: {}
[2.410253] (-) TimerEvent: {}
[2.510727] (-) TimerEvent: {}
[2.611219] (-) TimerEvent: {}
[2.711688] (-) TimerEvent: {}
[2.812173] (-) TimerEvent: {}
[2.912654] (-) TimerEvent: {}
[3.013141] (-) TimerEvent: {}
[3.113604] (-) TimerEvent: {}
[3.214142] (-) TimerEvent: {}
[3.314592] (-) TimerEvent: {}
[3.415039] (-) TimerEvent: {}
[3.515499] (-) TimerEvent: {}
[3.616047] (-) TimerEvent: {}
[3.716472] (-) TimerEvent: {}
[3.816929] (-) TimerEvent: {}
[3.917399] (-) TimerEvent: {}
[4.017905] (-) TimerEvent: {}
[4.118389] (-) TimerEvent: {}
[4.218863] (-) TimerEvent: {}
[4.319440] (-) TimerEvent: {}
[4.419861] (-) TimerEvent: {}
[4.520326] (-) TimerEvent: {}
[4.620728] (-) TimerEvent: {}
[4.721182] (-) TimerEvent: {}
[4.821624] (-) TimerEvent: {}
[4.922084] (-) TimerEvent: {}
[5.022528] (-) TimerEvent: {}
[5.122974] (-) TimerEvent: {}
[5.223426] (-) TimerEvent: {}
[5.323872] (-) TimerEvent: {}
[5.424336] (-) TimerEvent: {}
[5.524777] (-) TimerEvent: {}
[5.625181] (-) TimerEvent: {}
[5.725694] (-) TimerEvent: {}
[5.826138] (-) TimerEvent: {}
[5.920564] (cpp_pub) StdoutLine: {'line': b'[100%] \x1b[32m\x1b[1mLinking CXX executable golfinho_teleop\x1b[0m\n'}
[5.926264] (-) TimerEvent: {}
[6.026737] (-) TimerEvent: {}
[6.127200] (-) TimerEvent: {}
[6.227650] (-) TimerEvent: {}
[6.328129] (-) TimerEvent: {}
[6.335315] (cpp_pub) StdoutLine: {'line': b'[100%] Built target golfinho_teleop\n'}
[6.356522] (cpp_pub) CommandEnded: {'returncode': 0}
[6.410418] (cpp_pub) JobProgress: {'identifier': 'cpp_pub', 'progress': 'install'}
[6.428502] (-) TimerEvent: {}
[6.433918] (cpp_pub) Command: {'cmd': ['/usr/bin/cmake', '--install', '/home/gabriel/golfinho_app_ws/build/cpp_pub'], 'cwd': '/home/gabriel/golfinho_app_ws/build/cpp_pub', 'env': OrderedDict([('GJS_DEBUG_TOPICS', 'JS ERROR;JS LOG'), ('USER', 'gabriel'), ('SSH_AGENT_PID', '1737'), ('XDG_SESSION_TYPE', 'x11'), ('SHLVL', '1'), ('LD_LIBRARY_PATH', '/opt/ros/foxy/opt/yaml_cpp_vendor/lib:/opt/ros/foxy/opt/rviz_ogre_vendor/lib:/opt/ros/foxy/lib/x86_64-linux-gnu:/opt/ros/foxy/lib'), ('HOME', '/home/gabriel'), ('OLDPWD', '/home/gabriel'), ('DESKTOP_SESSION', 'ubuntu'), ('GIO_LAUNCHED_DESKTOP_FILE', '/usr/share/applications/terminator.desktop'), ('ROS_PYTHON_VERSION', '3'), ('GNOME_SHELL_SESSION_MODE', 'ubuntu'), ('GTK_MODULES', 'gail:atk-bridge'), ('MANAGERPID', '1564'), ('DBUS_SESSION_BUS_ADDRESS', 'unix:path=/run/user/1000/bus'), ('COLORTERM', 'truecolor'), ('TERMINATOR_DBUS_NAME', 'net.tenshu.Terminator23558193cd9818af7fe4d2c2f5bd9d00f'), ('GIO_LAUNCHED_DESKTOP_FILE_PID', '6087'), ('MANDATORY_PATH', '/usr/share/gconf/ubuntu.mandatory.path'), ('IM_CONFIG_PHASE', '1'), ('ROS_DISTRO', 'foxy'), ('LOGNAME', 'gabriel'), ('JOURNAL_STREAM', '8:45252'), ('_', '/usr/bin/colcon'), ('ROS_VERSION', '2'), ('XDG_SESSION_CLASS', 'user'), ('DEFAULTS_PATH', '/usr/share/gconf/ubuntu.default.path'), ('USERNAME', 'gabriel'), ('TERM', 'xterm-256color'), ('GNOME_DESKTOP_SESSION_ID', 'this-is-deprecated'), ('ROS_LOCALHOST_ONLY', '0'), ('WINDOWPATH', '2'), ('PATH', '/opt/ros/foxy/bin:/usr/local/sbin:/usr/local/bin:/usr/sbin:/usr/bin:/sbin:/bin:/usr/games:/usr/local/games:/snap/bin'), ('SESSION_MANAGER', 'local/gabriel-Lenovo-ideapad-330-15IKB:@/tmp/.ICE-unix/1776,unix/gabriel-Lenovo-ideapad-330-15IKB:/tmp/.ICE-unix/1776'), ('INVOCATION_ID', 'c561f220e1f243f480e141f9de192f9f'), ('XDG_MENU_PREFIX', 'gnome-'), ('XDG_RUNTIME_DIR', '/run/user/1000'), ('DISPLAY', ':1'), ('TERMINATOR_DBUS_PATH', '/net/tenshu/Terminator2'), ('LANG', 'en_US.UTF-8'), ('XDG_CURRENT_DESKTOP', 'ubuntu:GNOME'), ('XMODIFIERS', '@im=ibus'), ('XDG_SESSION_DESKTOP', 'ubuntu'), ('XAUTHORITY', '/run/user/1000/gdm/Xauthority'), ('SSH_AUTH_SOCK', '/run/user/1000/keyring/ssh'), ('AMENT_PREFIX_PATH', '/opt/ros/foxy'), ('SHELL', '/bin/bash'), ('TERMINATOR_UUID', 'urn:uuid:bc8bf69e-ca5a-4be0-a2e7-b66d3f6844e5'), ('QT_ACCESSIBILITY', '1'), ('GDMSESSION', 'ubuntu'), ('GPG_AGENT_INFO', '/run/user/1000/gnupg/S.gpg-agent:0:1'), ('GJS_DEBUG_OUTPUT', 'stderr'), ('QT_IM_MODULE', 'ibus'), ('JAVA_HOME', '/usr/lib/jvm/java-8-openjdk-amd64/'), ('PWD', '/home/gabriel/golfinho_app_ws/build/cpp_pub'), ('LC_ALL', 'en_US.UTF-8'), ('XDG_CONFIG_DIRS', '/etc/xdg/xdg-ubuntu:/etc/xdg'), ('ANDROID_HOME', '~/Android/Sdk'), ('XDG_DATA_DIRS', '/usr/share/ubuntu:/usr/local/share/:/usr/share/:/var/lib/snapd/desktop'), ('PYTHONPATH', '/opt/ros/foxy/lib/python3.8/site-packages'), ('ANDROID_NDK', '~/Android/Sdk/ndk-bundle'), ('COLCON', '1'), ('VTE_VERSION', '6003'), ('CMAKE_PREFIX_PATH', '/opt/ros/foxy')]), 'shell': False}
[6.450751] (cpp_pub) StdoutLine: {'line': b'-- Install configuration: ""\n'}
[6.451280] (cpp_pub) StdoutLine: {'line': b'-- Up-to-date: /home/gabriel/golfinho_app_ws/install/cpp_pub/lib/cpp_pub/talker\n'}
[6.452107] (cpp_pub) StdoutLine: {'line': b'-- Up-to-date: /home/gabriel/golfinho_app_ws/install/cpp_pub/lib/cpp_pub/listener\n'}
[6.452933] (cpp_pub) StdoutLine: {'line': b'-- Installing: /home/gabriel/golfinho_app_ws/install/cpp_pub/lib/cpp_pub/golfinho_teleop\n'}
[6.454930] (cpp_pub) StdoutLine: {'line': b'-- Set runtime path of "/home/gabriel/golfinho_app_ws/install/cpp_pub/lib/cpp_pub/golfinho_teleop" to ""\n'}
[6.455575] (cpp_pub) StdoutLine: {'line': b'-- Up-to-date: /home/gabriel/golfinho_app_ws/install/cpp_pub/share/ament_index/resource_index/package_run_dependencies/cpp_pub\n'}
[6.456157] (cpp_pub) StdoutLine: {'line': b'-- Up-to-date: /home/gabriel/golfinho_app_ws/install/cpp_pub/share/ament_index/resource_index/parent_prefix_path/cpp_pub\n'}
[6.456494] (cpp_pub) StdoutLine: {'line': b'-- Up-to-date: /home/gabriel/golfinho_app_ws/install/cpp_pub/share/cpp_pub/environment/ament_prefix_path.sh\n'}
[6.456701] (cpp_pub) StdoutLine: {'line': b'-- Up-to-date: /home/gabriel/golfinho_app_ws/install/cpp_pub/share/cpp_pub/environment/ament_prefix_path.dsv\n'}
[6.456853] (cpp_pub) StdoutLine: {'line': b'-- Up-to-date: /home/gabriel/golfinho_app_ws/install/cpp_pub/share/cpp_pub/environment/path.sh\n'}
[6.456996] (cpp_pub) StdoutLine: {'line': b'-- Up-to-date: /home/gabriel/golfinho_app_ws/install/cpp_pub/share/cpp_pub/environment/path.dsv\n'}
[6.457351] (cpp_pub) StdoutLine: {'line': b'-- Up-to-date: /home/gabriel/golfinho_app_ws/install/cpp_pub/share/cpp_pub/local_setup.bash\n'}
[6.457653] (cpp_pub) StdoutLine: {'line': b'-- Up-to-date: /home/gabriel/golfinho_app_ws/install/cpp_pub/share/cpp_pub/local_setup.sh\n'}
[6.457890] (cpp_pub) StdoutLine: {'line': b'-- Up-to-date: /home/gabriel/golfinho_app_ws/install/cpp_pub/share/cpp_pub/local_setup.zsh\n'}
[6.458124] (cpp_pub) StdoutLine: {'line': b'-- Up-to-date: /home/gabriel/golfinho_app_ws/install/cpp_pub/share/cpp_pub/local_setup.dsv\n'}
[6.458351] (cpp_pub) StdoutLine: {'line': b'-- Installing: /home/gabriel/golfinho_app_ws/install/cpp_pub/share/cpp_pub/package.dsv\n'}
[6.458576] (cpp_pub) StdoutLine: {'line': b'-- Up-to-date: /home/gabriel/golfinho_app_ws/install/cpp_pub/share/ament_index/resource_index/packages/cpp_pub\n'}
[6.458807] (cpp_pub) StdoutLine: {'line': b'-- Up-to-date: /home/gabriel/golfinho_app_ws/install/cpp_pub/share/cpp_pub/cmake/cpp_pubConfig.cmake\n'}
[6.459033] (cpp_pub) StdoutLine: {'line': b'-- Up-to-date: /home/gabriel/golfinho_app_ws/install/cpp_pub/share/cpp_pub/cmake/cpp_pubConfig-version.cmake\n'}
[6.459505] (cpp_pub) StdoutLine: {'line': b'-- Up-to-date: /home/gabriel/golfinho_app_ws/install/cpp_pub/share/cpp_pub/package.xml\n'}
[6.462148] (cpp_pub) CommandEnded: {'returncode': 0}
[6.528603] (-) TimerEvent: {}
[6.556597] (cpp_pub) JobEnded: {'identifier': 'cpp_pub', 'rc': 0}
[6.558159] (-) EventReactorShutdown: {}
