[0.150s] Invoking command in '/home/gabriel/golfinho_app_ws/build/cpp_pub': CMAKE_PREFIX_PATH=/opt/ros/foxy /usr/bin/cmake --build /home/gabriel/golfinho_app_ws/build/cpp_pub -- -j8 -l8
[0.971s] [35m[1mScanning dependencies of target golfinho_teleop[0m
[1.066s] [ 33%] Built target listener
[1.142s] [ 66%] Built target talker
[1.229s] [ 83%] [32mBuilding CXX object CMakeFiles/golfinho_teleop.dir/src/golfinho_teleop_node.cpp.o[0m
[4.408s] [100%] [32m[1mLinking CXX executable golfinho_teleop[0m
[4.716s] [100%] Built target golfinho_teleop
[4.728s] Invoked command in '/home/gabriel/golfinho_app_ws/build/cpp_pub' returned '0': CMAKE_PREFIX_PATH=/opt/ros/foxy /usr/bin/cmake --build /home/gabriel/golfinho_app_ws/build/cpp_pub -- -j8 -l8
[4.767s] Invoking command in '/home/gabriel/golfinho_app_ws/build/cpp_pub': CMAKE_PREFIX_PATH=/opt/ros/foxy /usr/bin/cmake --install /home/gabriel/golfinho_app_ws/build/cpp_pub
[4.798s] -- Install configuration: ""
[4.833s] -- Up-to-date: /home/gabriel/golfinho_app_ws/install/cpp_pub/lib/cpp_pub/talker
[4.884s] -- Up-to-date: /home/gabriel/golfinho_app_ws/install/cpp_pub/lib/cpp_pub/listener
[4.884s] -- Installing: /home/gabriel/golfinho_app_ws/install/cpp_pub/lib/cpp_pub/golfinho_teleop
[4.886s] -- Set runtime path of "/home/gabriel/golfinho_app_ws/install/cpp_pub/lib/cpp_pub/golfinho_teleop" to ""
[4.931s] -- Up-to-date: /home/gabriel/golfinho_app_ws/install/cpp_pub/share/ament_index/resource_index/package_run_dependencies/cpp_pub
[4.932s] -- Up-to-date: /home/gabriel/golfinho_app_ws/install/cpp_pub/share/ament_index/resource_index/parent_prefix_path/cpp_pub
[4.965s] -- Up-to-date: /home/gabriel/golfinho_app_ws/install/cpp_pub/share/cpp_pub/environment/ament_prefix_path.sh
[4.965s] -- Up-to-date: /home/gabriel/golfinho_app_ws/install/cpp_pub/share/cpp_pub/environment/ament_prefix_path.dsv
[4.965s] -- Up-to-date: /home/gabriel/golfinho_app_ws/install/cpp_pub/share/cpp_pub/environment/path.sh
[4.965s] -- Up-to-date: /home/gabriel/golfinho_app_ws/install/cpp_pub/share/cpp_pub/environment/path.dsv
[4.965s] -- Up-to-date: /home/gabriel/golfinho_app_ws/install/cpp_pub/share/cpp_pub/local_setup.bash
[4.966s] -- Up-to-date: /home/gabriel/golfinho_app_ws/install/cpp_pub/share/cpp_pub/local_setup.sh
[4.966s] -- Up-to-date: /home/gabriel/golfinho_app_ws/install/cpp_pub/share/cpp_pub/local_setup.zsh
[4.966s] -- Up-to-date: /home/gabriel/golfinho_app_ws/install/cpp_pub/share/cpp_pub/local_setup.dsv
[4.966s] -- Installing: /home/gabriel/golfinho_app_ws/install/cpp_pub/share/cpp_pub/package.dsv
[4.966s] -- Up-to-date: /home/gabriel/golfinho_app_ws/install/cpp_pub/share/ament_index/resource_index/packages/cpp_pub
[4.967s] -- Up-to-date: /home/gabriel/golfinho_app_ws/install/cpp_pub/share/cpp_pub/cmake/cpp_pubConfig.cmake
[4.967s] -- Up-to-date: /home/gabriel/golfinho_app_ws/install/cpp_pub/share/cpp_pub/cmake/cpp_pubConfig-version.cmake
[4.967s] -- Up-to-date: /home/gabriel/golfinho_app_ws/install/cpp_pub/share/cpp_pub/package.xml
[4.970s] Invoked command in '/home/gabriel/golfinho_app_ws/build/cpp_pub' returned '0': CMAKE_PREFIX_PATH=/opt/ros/foxy /usr/bin/cmake --install /home/gabriel/golfinho_app_ws/build/cpp_pub
