[0.044s] Invoking command in '/home/gabriel/golfinho_app_ws/build/cpp_pub': CMAKE_PREFIX_PATH=/opt/ros/foxy /usr/bin/cmake --build /home/gabriel/golfinho_app_ws/build/cpp_pub -- -j8 -l8
[0.709s] [ 33%] Built target talker
[0.716s] [ 66%] Built target listener
[0.851s] [35m[1mScanning dependencies of target golfinho_teleop[0m
[0.969s] [ 83%] [32mBuilding CXX object CMakeFiles/golfinho_teleop.dir/src/golfinho_teleop_node.cpp.o[0m
[4.074s] [100%] [32m[1mLinking CXX executable golfinho_teleop[0m
[4.351s] [100%] Built target golfinho_teleop
[4.366s] Invoked command in '/home/gabriel/golfinho_app_ws/build/cpp_pub' returned '0': CMAKE_PREFIX_PATH=/opt/ros/foxy /usr/bin/cmake --build /home/gabriel/golfinho_app_ws/build/cpp_pub -- -j8 -l8
[4.409s] Invoking command in '/home/gabriel/golfinho_app_ws/build/cpp_pub': CMAKE_PREFIX_PATH=/opt/ros/foxy /usr/bin/cmake --install /home/gabriel/golfinho_app_ws/build/cpp_pub
[4.421s] -- Install configuration: ""
[4.440s] -- Up-to-date: /home/gabriel/golfinho_app_ws/install/cpp_pub/lib/cpp_pub/talker
[4.472s] -- Up-to-date: /home/gabriel/golfinho_app_ws/install/cpp_pub/lib/cpp_pub/listener
[4.501s] -- Installing: /home/gabriel/golfinho_app_ws/install/cpp_pub/lib/cpp_pub/golfinho_teleop
[4.551s] -- Set runtime path of "/home/gabriel/golfinho_app_ws/install/cpp_pub/lib/cpp_pub/golfinho_teleop" to ""
[4.552s] -- Up-to-date: /home/gabriel/golfinho_app_ws/install/cpp_pub/share/ament_index/resource_index/package_run_dependencies/cpp_pub
[4.553s] -- Up-to-date: /home/gabriel/golfinho_app_ws/install/cpp_pub/share/ament_index/resource_index/parent_prefix_path/cpp_pub
[4.554s] -- Up-to-date: /home/gabriel/golfinho_app_ws/install/cpp_pub/share/cpp_pub/environment/ament_prefix_path.sh
[4.554s] -- Up-to-date: /home/gabriel/golfinho_app_ws/install/cpp_pub/share/cpp_pub/environment/ament_prefix_path.dsv
[4.555s] -- Up-to-date: /home/gabriel/golfinho_app_ws/install/cpp_pub/share/cpp_pub/environment/path.sh
[4.555s] -- Up-to-date: /home/gabriel/golfinho_app_ws/install/cpp_pub/share/cpp_pub/environment/path.dsv
[4.556s] -- Up-to-date: /home/gabriel/golfinho_app_ws/install/cpp_pub/share/cpp_pub/local_setup.bash
[4.556s] -- Up-to-date: /home/gabriel/golfinho_app_ws/install/cpp_pub/share/cpp_pub/local_setup.sh
[4.557s] -- Up-to-date: /home/gabriel/golfinho_app_ws/install/cpp_pub/share/cpp_pub/local_setup.zsh
[4.557s] -- Up-to-date: /home/gabriel/golfinho_app_ws/install/cpp_pub/share/cpp_pub/local_setup.dsv
[4.558s] -- Installing: /home/gabriel/golfinho_app_ws/install/cpp_pub/share/cpp_pub/package.dsv
[4.598s] -- Up-to-date: /home/gabriel/golfinho_app_ws/install/cpp_pub/share/ament_index/resource_index/packages/cpp_pub
[4.599s] -- Up-to-date: /home/gabriel/golfinho_app_ws/install/cpp_pub/share/cpp_pub/cmake/cpp_pubConfig.cmake
[4.599s] -- Up-to-date: /home/gabriel/golfinho_app_ws/install/cpp_pub/share/cpp_pub/cmake/cpp_pubConfig-version.cmake
[4.600s] -- Up-to-date: /home/gabriel/golfinho_app_ws/install/cpp_pub/share/cpp_pub/package.xml
[4.609s] Invoked command in '/home/gabriel/golfinho_app_ws/build/cpp_pub' returned '0': CMAKE_PREFIX_PATH=/opt/ros/foxy /usr/bin/cmake --install /home/gabriel/golfinho_app_ws/build/cpp_pub
