-- Found ament_cmake: 0.9.9 (/opt/ros/foxy/share/ament_cmake/cmake)
-- Found PythonInterp: /usr/bin/python3 (found suitable version "3.8.10", minimum required is "3") 
-- Using PYTHON_EXECUTABLE: /usr/bin/python3
-- Found rclcpp: 2.4.1 (/opt/ros/foxy/share/rclcpp/cmake)
-- Using all available rosidl_typesupport_c: rosidl_typesupport_fastrtps_c;rosidl_typesupport_introspection_c
-- Found rosidl_adapter: 1.2.1 (/opt/ros/foxy/share/rosidl_adapter/cmake)
-- Found OpenSSL: /usr/lib/x86_64-linux-gnu/libcrypto.so (found version "1.1.1f")  
-- Found FastRTPS: /opt/ros/foxy/include  
-- Using all available rosidl_typesupport_cpp: rosidl_typesupport_fastrtps_cpp;rosidl_typesupport_introspection_cpp
-- Found rmw_implementation_cmake: 1.0.3 (/opt/ros/foxy/share/rmw_implementation_cmake/cmake)
-- Using RMW implementation 'rmw_fastrtps_cpp' as default
-- Looking for pthread.h
-- Looking for pthread.h - found
-- Performing Test CMAKE_HAVE_LIBC_PTHREAD
-- Performing Test CMAKE_HAVE_LIBC_PTHREAD - Failed
-- Looking for pthread_create in pthreads
-- Looking for pthread_create in pthreads - not found
-- Looking for pthread_create in pthread
-- Looking for pthread_create in pthread - found
-- Found Threads: TRUE  
-- Found geometry_msgs: 2.0.5 (/opt/ros/foxy/share/geometry_msgs/cmake)
-- Found ament_lint_auto: 0.9.6 (/opt/ros/foxy/share/ament_lint_auto/cmake)
-- Added test 'copyright' to check source files copyright and LICENSE
-- Added test 'cppcheck' to perform static code analysis on C / C++ code
-- Configured cppcheck include dirs: 
-- Configured cppcheck exclude dirs and/or files: 
-- Added test 'cpplint' to check C / C++ code against the Google style
-- Configured cpplint exclude dirs and/or files: 
-- Added test 'lint_cmake' to check CMake code style
-- Added test 'uncrustify' to check C / C++ code style
-- Configured uncrustify additional arguments: 
-- Added test 'xmllint' to check XML markup files
-- Configuring done
-- Generating done
-- Build files have been written to: /home/gabriel/golfinho_app_ws/build/cpp_pub
[35m[1mScanning dependencies of target listener[0m
[35m[1mScanning dependencies of target golfinho_teleop[0m
[35m[1mScanning dependencies of target talker[0m
[ 16%] [32mBuilding CXX object CMakeFiles/listener.dir/src/subscriber_member_function.cpp.o[0m
[ 33%] [32mBuilding CXX object CMakeFiles/talker.dir/src/publisher_member_function.cpp.o[0m
[ 50%] [32mBuilding CXX object CMakeFiles/golfinho_teleop.dir/src/golfinho_teleop_node.cpp.o[0m
[ 66%] [32m[1mLinking CXX executable talker[0m
[ 83%] [32m[1mLinking CXX executable golfinho_teleop[0m
[ 83%] Built target talker
[ 83%] Built target golfinho_teleop
[100%] [32m[1mLinking CXX executable listener[0m
[100%] Built target listener
-- Install configuration: ""
-- Installing: /home/gabriel/golfinho_app_ws/install/cpp_pub/lib/cpp_pub/talker
-- Set runtime path of "/home/gabriel/golfinho_app_ws/install/cpp_pub/lib/cpp_pub/talker" to ""
-- Installing: /home/gabriel/golfinho_app_ws/install/cpp_pub/lib/cpp_pub/listener
-- Set runtime path of "/home/gabriel/golfinho_app_ws/install/cpp_pub/lib/cpp_pub/listener" to ""
-- Installing: /home/gabriel/golfinho_app_ws/install/cpp_pub/lib/cpp_pub/golfinho_teleop
-- Set runtime path of "/home/gabriel/golfinho_app_ws/install/cpp_pub/lib/cpp_pub/golfinho_teleop" to ""
-- Installing: /home/gabriel/golfinho_app_ws/install/cpp_pub/share/ament_index/resource_index/package_run_dependencies/cpp_pub
-- Installing: /home/gabriel/golfinho_app_ws/install/cpp_pub/share/ament_index/resource_index/parent_prefix_path/cpp_pub
-- Installing: /home/gabriel/golfinho_app_ws/install/cpp_pub/share/cpp_pub/environment/ament_prefix_path.sh
-- Installing: /home/gabriel/golfinho_app_ws/install/cpp_pub/share/cpp_pub/environment/ament_prefix_path.dsv
-- Installing: /home/gabriel/golfinho_app_ws/install/cpp_pub/share/cpp_pub/environment/path.sh
-- Installing: /home/gabriel/golfinho_app_ws/install/cpp_pub/share/cpp_pub/environment/path.dsv
-- Installing: /home/gabriel/golfinho_app_ws/install/cpp_pub/share/cpp_pub/local_setup.bash
-- Installing: /home/gabriel/golfinho_app_ws/install/cpp_pub/share/cpp_pub/local_setup.sh
-- Installing: /home/gabriel/golfinho_app_ws/install/cpp_pub/share/cpp_pub/local_setup.zsh
-- Installing: /home/gabriel/golfinho_app_ws/install/cpp_pub/share/cpp_pub/local_setup.dsv
-- Installing: /home/gabriel/golfinho_app_ws/install/cpp_pub/share/cpp_pub/package.dsv
-- Installing: /home/gabriel/golfinho_app_ws/install/cpp_pub/share/ament_index/resource_index/packages/cpp_pub
-- Installing: /home/gabriel/golfinho_app_ws/install/cpp_pub/share/cpp_pub/cmake/cpp_pubConfig.cmake
-- Installing: /home/gabriel/golfinho_app_ws/install/cpp_pub/share/cpp_pub/cmake/cpp_pubConfig-version.cmake
-- Installing: /home/gabriel/golfinho_app_ws/install/cpp_pub/share/cpp_pub/package.xml
